<?xml version="1.0" encoding="UTF-8"?>
<modelInfo xmlns="urn:hl7-org:elm-modelinfo:r1"
           xmlns:xsi="http://www.w3.org/2001/XMLSchema-instance"
           xsi:schemaLocation="urn:hl7-org:elm-modelinfo:r1 ../../../../../../../../../../cql-lm/schema/model/modelinfo.xsd"
           targetQualifier="gentest" name="GENTEST" url="http://example.com/gentest">
    <typeInfo xsi:type="ClassInfo" name="GENTEST.MyGeneric" baseType="System.Any">
        <parameter name="S" constraint="TYPE" constraintType="System.Any"/><!-- Type needs to be optional for Parameter at some point -->
        <parameter name="T" constraint="TYPE" constraintType="System.Any"/> <!-- means T 'extends' System.Any -->
        <!-- represents the class field declaration 'class MyGeneric {S field1; T field2}' -->
        <element name="field1">
            <elementTypeSpecifier xsi:type="ParameterTypeSpecifier" parameterName="S"/>
        </element>
        <element name="field2">
            <elementTypeSpecifier xsi:type="ParameterTypeSpecifier" parameterName="T"/>
        </element>
    </typeInfo>
    <typeInfo xsi:type="ClassInfo" name="GENTEST.MyQuantity"
              baseType="GENTEST.MyGeneric"> <!-- represents the class definition 'class MyQuantity extends MyGeneric<Quantity> {Quantity field1;} -->
        <element name="field1">
            <elementTypeSpecifier xsi:type="BoundParameterTypeSpecifier" parameterName="S"
                                  boundType="System.Quantity"/>
        </element>
    </typeInfo>
</modelInfo>
